05-02 12:02:25 com_github_MitjaNemec_PlaceFootprints.action_place_footprints 378:Plugin executed on: 'darwin'
05-02 12:02:25 com_github_MitjaNemec_PlaceFootprints.action_place_footprints 379:Plugin executed with python version: '3.8.2 (v3.8.2:7b3ab5921f, Feb 24 2020, 17:52:18) \n[Clang 6.0 (clang-600.0.57)]'
05-02 12:02:25 com_github_MitjaNemec_PlaceFootprints.action_place_footprints 380:KiCad build version: (6.0.4-0)
05-02 12:02:25 com_github_MitjaNemec_PlaceFootprints.action_place_footprints 381:Plugin version: 1.2.3
05-02 12:02:25 com_github_MitjaNemec_PlaceFootprints.action_place_footprints 382:Frame repr: <wx._core.Frame object at 0x7fa188c64670>
05-02 12:02:25 com_github_MitjaNemec_PlaceFootprints.place_footprints 121:getting a list of all footprints on board
05-02 12:02:25 com_github_MitjaNemec_PlaceFootprints.place_footprints 148:Footprint SW31 on root level
05-02 12:02:25 com_github_MitjaNemec_PlaceFootprints.place_footprints 148:Footprint SW10 on root level
05-02 12:02:25 com_github_MitjaNemec_PlaceFootprints.place_footprints 148:Footprint SW23 on root level
05-02 12:02:25 com_github_MitjaNemec_PlaceFootprints.place_footprints 148:Footprint SW36 on root level
05-02 12:02:25 com_github_MitjaNemec_PlaceFootprints.place_footprints 148:Footprint SW17 on root level
05-02 12:02:25 com_github_MitjaNemec_PlaceFootprints.place_footprints 148:Footprint SW62 on root level
05-02 12:02:25 com_github_MitjaNemec_PlaceFootprints.place_footprints 148:Footprint SW51 on root level
05-02 12:02:25 com_github_MitjaNemec_PlaceFootprints.place_footprints 148:Footprint SW28 on root level
05-02 12:02:25 com_github_MitjaNemec_PlaceFootprints.place_footprints 148:Footprint SW59 on root level
05-02 12:02:25 com_github_MitjaNemec_PlaceFootprints.place_footprints 148:Footprint SW29 on root level
05-02 12:02:25 com_github_MitjaNemec_PlaceFootprints.place_footprints 148:Footprint SW5 on root level
05-02 12:02:25 com_github_MitjaNemec_PlaceFootprints.place_footprints 148:Footprint SW30 on root level
05-02 12:02:25 com_github_MitjaNemec_PlaceFootprints.place_footprints 148:Footprint SW56 on root level
05-02 12:02:25 com_github_MitjaNemec_PlaceFootprints.place_footprints 148:Footprint SW55 on root level
05-02 12:02:25 com_github_MitjaNemec_PlaceFootprints.place_footprints 148:Footprint SW25 on root level
05-02 12:02:25 com_github_MitjaNemec_PlaceFootprints.place_footprints 148:Footprint SW8 on root level
05-02 12:02:25 com_github_MitjaNemec_PlaceFootprints.place_footprints 148:Footprint SW53 on root level
05-02 12:02:25 com_github_MitjaNemec_PlaceFootprints.place_footprints 148:Footprint SW63 on root level
05-02 12:02:25 com_github_MitjaNemec_PlaceFootprints.place_footprints 148:Footprint SW21 on root level
05-02 12:02:25 com_github_MitjaNemec_PlaceFootprints.place_footprints 148:Footprint SW34 on root level
05-02 12:02:25 com_github_MitjaNemec_PlaceFootprints.place_footprints 148:Footprint SW48 on root level
05-02 12:02:25 com_github_MitjaNemec_PlaceFootprints.place_footprints 148:Footprint SW19 on root level
05-02 12:02:25 com_github_MitjaNemec_PlaceFootprints.place_footprints 148:Footprint SW47 on root level
05-02 12:02:25 com_github_MitjaNemec_PlaceFootprints.place_footprints 148:Footprint SW64 on root level
05-02 12:02:25 com_github_MitjaNemec_PlaceFootprints.place_footprints 148:Footprint SW18 on root level
05-02 12:02:25 com_github_MitjaNemec_PlaceFootprints.place_footprints 148:Footprint SW13 on root level
05-02 12:02:25 com_github_MitjaNemec_PlaceFootprints.place_footprints 148:Footprint SW42 on root level
05-02 12:02:25 com_github_MitjaNemec_PlaceFootprints.place_footprints 148:Footprint SW35 on root level
05-02 12:02:25 com_github_MitjaNemec_PlaceFootprints.place_footprints 148:Footprint SW32 on root level
05-02 12:02:25 com_github_MitjaNemec_PlaceFootprints.place_footprints 148:Footprint SW26 on root level
05-02 12:02:25 com_github_MitjaNemec_PlaceFootprints.place_footprints 148:Footprint SW58 on root level
05-02 12:02:25 com_github_MitjaNemec_PlaceFootprints.place_footprints 148:Footprint SW12 on root level
05-02 12:02:25 com_github_MitjaNemec_PlaceFootprints.place_footprints 148:Footprint SW15 on root level
05-02 12:02:25 com_github_MitjaNemec_PlaceFootprints.place_footprints 148:Footprint SW57 on root level
05-02 12:02:25 com_github_MitjaNemec_PlaceFootprints.place_footprints 148:Footprint SW11 on root level
05-02 12:02:25 com_github_MitjaNemec_PlaceFootprints.place_footprints 148:Footprint SW1 on root level
05-02 12:02:25 com_github_MitjaNemec_PlaceFootprints.place_footprints 148:Footprint SW3 on root level
05-02 12:02:25 com_github_MitjaNemec_PlaceFootprints.place_footprints 148:Footprint SW50 on root level
05-02 12:02:25 com_github_MitjaNemec_PlaceFootprints.place_footprints 148:Footprint SW33 on root level
05-02 12:02:25 com_github_MitjaNemec_PlaceFootprints.place_footprints 148:Footprint SW4 on root level
05-02 12:02:25 com_github_MitjaNemec_PlaceFootprints.place_footprints 148:Footprint SW40 on root level
05-02 12:02:25 com_github_MitjaNemec_PlaceFootprints.place_footprints 148:Footprint SW41 on root level
05-02 12:02:25 com_github_MitjaNemec_PlaceFootprints.place_footprints 148:Footprint SW24 on root level
05-02 12:02:25 com_github_MitjaNemec_PlaceFootprints.place_footprints 148:Footprint SW39 on root level
05-02 12:02:25 com_github_MitjaNemec_PlaceFootprints.place_footprints 148:Footprint SW52 on root level
05-02 12:02:25 com_github_MitjaNemec_PlaceFootprints.place_footprints 148:Footprint SW61 on root level
05-02 12:02:25 com_github_MitjaNemec_PlaceFootprints.place_footprints 148:Footprint SW43 on root level
05-02 12:02:25 com_github_MitjaNemec_PlaceFootprints.place_footprints 148:Footprint SW37 on root level
05-02 12:02:25 com_github_MitjaNemec_PlaceFootprints.place_footprints 148:Footprint SW60 on root level
05-02 12:02:25 com_github_MitjaNemec_PlaceFootprints.place_footprints 148:Footprint SW46 on root level
05-02 12:02:25 com_github_MitjaNemec_PlaceFootprints.place_footprints 148:Footprint SW16 on root level
05-02 12:02:25 com_github_MitjaNemec_PlaceFootprints.place_footprints 148:Footprint SW20 on root level
05-02 12:02:25 com_github_MitjaNemec_PlaceFootprints.place_footprints 148:Footprint SW45 on root level
05-02 12:02:25 com_github_MitjaNemec_PlaceFootprints.place_footprints 148:Footprint SW7 on root level
05-02 12:02:25 com_github_MitjaNemec_PlaceFootprints.place_footprints 148:Footprint SW6 on root level
05-02 12:02:25 com_github_MitjaNemec_PlaceFootprints.place_footprints 148:Footprint SW14 on root level
05-02 12:02:25 com_github_MitjaNemec_PlaceFootprints.place_footprints 148:Footprint SW44 on root level
05-02 12:02:25 com_github_MitjaNemec_PlaceFootprints.place_footprints 148:Footprint SW27 on root level
05-02 12:02:25 com_github_MitjaNemec_PlaceFootprints.place_footprints 148:Footprint SW2 on root level
05-02 12:02:25 com_github_MitjaNemec_PlaceFootprints.place_footprints 148:Footprint SW9 on root level
05-02 12:02:25 com_github_MitjaNemec_PlaceFootprints.place_footprints 148:Footprint SW54 on root level
05-02 12:02:25 com_github_MitjaNemec_PlaceFootprints.place_footprints 148:Footprint SW49 on root level
05-02 12:02:25 com_github_MitjaNemec_PlaceFootprints.place_footprints 148:Footprint SW38 on root level
05-02 12:02:25 com_github_MitjaNemec_PlaceFootprints.place_footprints 148:Footprint SW22 on root level
05-02 12:02:25 com_github_MitjaNemec_PlaceFootprints.place_footprints 148:Footprint HM26 on root level
05-02 12:02:25 com_github_MitjaNemec_PlaceFootprints.place_footprints 148:Footprint D45 on root level
05-02 12:02:25 com_github_MitjaNemec_PlaceFootprints.place_footprints 148:Footprint L7 on root level
05-02 12:02:25 com_github_MitjaNemec_PlaceFootprints.place_footprints 148:Footprint HM24 on root level
05-02 12:02:25 com_github_MitjaNemec_PlaceFootprints.place_footprints 148:Footprint HM28 on root level
05-02 12:02:25 com_github_MitjaNemec_PlaceFootprints.place_footprints 148:Footprint L64 on root level
05-02 12:02:25 com_github_MitjaNemec_PlaceFootprints.place_footprints 148:Footprint L4 on root level
05-02 12:02:25 com_github_MitjaNemec_PlaceFootprints.place_footprints 148:Footprint L26 on root level
05-02 12:02:25 com_github_MitjaNemec_PlaceFootprints.place_footprints 148:Footprint D20 on root level
05-02 12:02:25 com_github_MitjaNemec_PlaceFootprints.place_footprints 148:Footprint L13 on root level
05-02 12:02:25 com_github_MitjaNemec_PlaceFootprints.place_footprints 148:Footprint ENC4 on root level
05-02 12:02:25 com_github_MitjaNemec_PlaceFootprints.place_footprints 148:Footprint L6 on root level
05-02 12:02:25 com_github_MitjaNemec_PlaceFootprints.place_footprints 148:Footprint L16 on root level
05-02 12:02:25 com_github_MitjaNemec_PlaceFootprints.place_footprints 148:Footprint L56 on root level
05-02 12:02:25 com_github_MitjaNemec_PlaceFootprints.place_footprints 148:Footprint L29 on root level
05-02 12:02:25 com_github_MitjaNemec_PlaceFootprints.place_footprints 148:Footprint D56 on root level
05-02 12:02:25 com_github_MitjaNemec_PlaceFootprints.place_footprints 148:Footprint D34 on root level
05-02 12:02:25 com_github_MitjaNemec_PlaceFootprints.place_footprints 148:Footprint L17 on root level
05-02 12:02:25 com_github_MitjaNemec_PlaceFootprints.place_footprints 148:Footprint D36 on root level
05-02 12:02:25 com_github_MitjaNemec_PlaceFootprints.place_footprints 148:Footprint ENC5 on root level
05-02 12:02:25 com_github_MitjaNemec_PlaceFootprints.place_footprints 148:Footprint HM6 on root level
05-02 12:02:25 com_github_MitjaNemec_PlaceFootprints.place_footprints 148:Footprint L21 on root level
05-02 12:02:25 com_github_MitjaNemec_PlaceFootprints.place_footprints 148:Footprint L25 on root level
05-02 12:02:25 com_github_MitjaNemec_PlaceFootprints.place_footprints 148:Footprint D38 on root level
05-02 12:02:25 com_github_MitjaNemec_PlaceFootprints.place_footprints 148:Footprint D24 on root level
05-02 12:02:25 com_github_MitjaNemec_PlaceFootprints.place_footprints 148:Footprint L42 on root level
05-02 12:02:25 com_github_MitjaNemec_PlaceFootprints.place_footprints 148:Footprint ENC3 on root level
05-02 12:02:25 com_github_MitjaNemec_PlaceFootprints.place_footprints 148:Footprint L38 on root level
05-02 12:02:25 com_github_MitjaNemec_PlaceFootprints.place_footprints 148:Footprint D53 on root level
05-02 12:02:25 com_github_MitjaNemec_PlaceFootprints.place_footprints 148:Footprint D50 on root level
05-02 12:02:25 com_github_MitjaNemec_PlaceFootprints.place_footprints 148:Footprint L37 on root level
05-02 12:02:25 com_github_MitjaNemec_PlaceFootprints.place_footprints 148:Footprint D54 on root level
05-02 12:02:25 com_github_MitjaNemec_PlaceFootprints.place_footprints 148:Footprint D11 on root level
05-02 12:02:25 com_github_MitjaNemec_PlaceFootprints.place_footprints 148:Footprint D2 on root level
05-02 12:02:25 com_github_MitjaNemec_PlaceFootprints.place_footprints 148:Footprint L51 on root level
05-02 12:02:25 com_github_MitjaNemec_PlaceFootprints.place_footprints 148:Footprint ENC1 on root level
05-02 12:02:25 com_github_MitjaNemec_PlaceFootprints.place_footprints 148:Footprint L61 on root level
05-02 12:02:25 com_github_MitjaNemec_PlaceFootprints.place_footprints 148:Footprint D62 on root level
05-02 12:02:25 com_github_MitjaNemec_PlaceFootprints.place_footprints 148:Footprint D13 on root level
05-02 12:02:25 com_github_MitjaNemec_PlaceFootprints.place_footprints 148:Footprint HM21 on root level
05-02 12:02:25 com_github_MitjaNemec_PlaceFootprints.place_footprints 148:Footprint HM27 on root level
05-02 12:02:25 com_github_MitjaNemec_PlaceFootprints.place_footprints 148:Footprint D33 on root level
05-02 12:02:25 com_github_MitjaNemec_PlaceFootprints.place_footprints 148:Footprint D35 on root level
05-02 12:02:25 com_github_MitjaNemec_PlaceFootprints.place_footprints 148:Footprint HM5 on root level
05-02 12:02:25 com_github_MitjaNemec_PlaceFootprints.place_footprints 148:Footprint L35 on root level
05-02 12:02:25 com_github_MitjaNemec_PlaceFootprints.place_footprints 148:Footprint HM25 on root level
05-02 12:02:25 com_github_MitjaNemec_PlaceFootprints.place_footprints 148:Footprint L12 on root level
05-02 12:02:25 com_github_MitjaNemec_PlaceFootprints.place_footprints 148:Footprint L52 on root level
05-02 12:02:25 com_github_MitjaNemec_PlaceFootprints.place_footprints 148:Footprint D31 on root level
05-02 12:02:25 com_github_MitjaNemec_PlaceFootprints.place_footprints 148:Footprint D61 on root level
05-02 12:02:25 com_github_MitjaNemec_PlaceFootprints.place_footprints 148:Footprint HM13 on root level
05-02 12:02:25 com_github_MitjaNemec_PlaceFootprints.place_footprints 148:Footprint HM8 on root level
05-02 12:02:25 com_github_MitjaNemec_PlaceFootprints.place_footprints 148:Footprint L57 on root level
05-02 12:02:25 com_github_MitjaNemec_PlaceFootprints.place_footprints 148:Footprint D64 on root level
05-02 12:02:25 com_github_MitjaNemec_PlaceFootprints.place_footprints 148:Footprint HM7 on root level
05-02 12:02:25 com_github_MitjaNemec_PlaceFootprints.place_footprints 148:Footprint L39 on root level
05-02 12:02:25 com_github_MitjaNemec_PlaceFootprints.place_footprints 148:Footprint L19 on root level
05-02 12:02:25 com_github_MitjaNemec_PlaceFootprints.place_footprints 148:Footprint D8 on root level
05-02 12:02:25 com_github_MitjaNemec_PlaceFootprints.place_footprints 148:Footprint D22 on root level
05-02 12:02:25 com_github_MitjaNemec_PlaceFootprints.place_footprints 148:Footprint L14 on root level
05-02 12:02:25 com_github_MitjaNemec_PlaceFootprints.place_footprints 148:Footprint L3 on root level
05-02 12:02:25 com_github_MitjaNemec_PlaceFootprints.place_footprints 148:Footprint L24 on root level
05-02 12:02:25 com_github_MitjaNemec_PlaceFootprints.place_footprints 148:Footprint L54 on root level
05-02 12:02:25 com_github_MitjaNemec_PlaceFootprints.place_footprints 148:Footprint D37 on root level
05-02 12:02:25 com_github_MitjaNemec_PlaceFootprints.place_footprints 148:Footprint HM1 on root level
05-02 12:02:25 com_github_MitjaNemec_PlaceFootprints.place_footprints 148:Footprint D58 on root level
05-02 12:02:25 com_github_MitjaNemec_PlaceFootprints.place_footprints 148:Footprint D19 on root level
05-02 12:02:25 com_github_MitjaNemec_PlaceFootprints.place_footprints 148:Footprint L8 on root level
05-02 12:02:25 com_github_MitjaNemec_PlaceFootprints.place_footprints 148:Footprint HM10 on root level
05-02 12:02:25 com_github_MitjaNemec_PlaceFootprints.place_footprints 148:Footprint L22 on root level
05-02 12:02:25 com_github_MitjaNemec_PlaceFootprints.place_footprints 148:Footprint L49 on root level
05-02 12:02:25 com_github_MitjaNemec_PlaceFootprints.place_footprints 148:Footprint D41 on root level
05-02 12:02:25 com_github_MitjaNemec_PlaceFootprints.place_footprints 148:Footprint D9 on root level
05-02 12:02:25 com_github_MitjaNemec_PlaceFootprints.place_footprints 148:Footprint J1 on root level
05-02 12:02:25 com_github_MitjaNemec_PlaceFootprints.place_footprints 148:Footprint HM20 on root level
05-02 12:02:25 com_github_MitjaNemec_PlaceFootprints.place_footprints 148:Footprint HM14 on root level
05-02 12:02:25 com_github_MitjaNemec_PlaceFootprints.place_footprints 148:Footprint L31 on root level
05-02 12:02:25 com_github_MitjaNemec_PlaceFootprints.place_footprints 148:Footprint D63 on root level
05-02 12:02:25 com_github_MitjaNemec_PlaceFootprints.place_footprints 148:Footprint HM11 on root level
05-02 12:02:25 com_github_MitjaNemec_PlaceFootprints.place_footprints 148:Footprint L50 on root level
05-02 12:02:25 com_github_MitjaNemec_PlaceFootprints.place_footprints 148:Footprint SW67 on root level
05-02 12:02:25 com_github_MitjaNemec_PlaceFootprints.place_footprints 148:Footprint D10 on root level
05-02 12:02:25 com_github_MitjaNemec_PlaceFootprints.place_footprints 148:Footprint H2 on root level
05-02 12:02:25 com_github_MitjaNemec_PlaceFootprints.place_footprints 148:Footprint D4 on root level
05-02 12:02:25 com_github_MitjaNemec_PlaceFootprints.place_footprints 148:Footprint D18 on root level
05-02 12:02:25 com_github_MitjaNemec_PlaceFootprints.place_footprints 148:Footprint D29 on root level
05-02 12:02:25 com_github_MitjaNemec_PlaceFootprints.place_footprints 148:Footprint HM17 on root level
05-02 12:02:25 com_github_MitjaNemec_PlaceFootprints.place_footprints 148:Footprint D32 on root level
05-02 12:02:25 com_github_MitjaNemec_PlaceFootprints.place_footprints 148:Footprint HM18 on root level
05-02 12:02:25 com_github_MitjaNemec_PlaceFootprints.place_footprints 148:Footprint D17 on root level
05-02 12:02:25 com_github_MitjaNemec_PlaceFootprints.place_footprints 148:Footprint HM3 on root level
05-02 12:02:25 com_github_MitjaNemec_PlaceFootprints.place_footprints 148:Footprint HM12 on root level
05-02 12:02:25 com_github_MitjaNemec_PlaceFootprints.place_footprints 148:Footprint D12 on root level
05-02 12:02:25 com_github_MitjaNemec_PlaceFootprints.place_footprints 148:Footprint L23 on root level
05-02 12:02:25 com_github_MitjaNemec_PlaceFootprints.place_footprints 148:Footprint L36 on root level
05-02 12:02:25 com_github_MitjaNemec_PlaceFootprints.place_footprints 148:Footprint D23 on root level
05-02 12:02:25 com_github_MitjaNemec_PlaceFootprints.place_footprints 148:Footprint D30 on root level
05-02 12:02:25 com_github_MitjaNemec_PlaceFootprints.place_footprints 148:Footprint L34 on root level
05-02 12:02:25 com_github_MitjaNemec_PlaceFootprints.place_footprints 148:Footprint L45 on root level
05-02 12:02:25 com_github_MitjaNemec_PlaceFootprints.place_footprints 148:Footprint HM15 on root level
05-02 12:02:25 com_github_MitjaNemec_PlaceFootprints.place_footprints 148:Footprint D7 on root level
05-02 12:02:25 com_github_MitjaNemec_PlaceFootprints.place_footprints 148:Footprint HM9 on root level
05-02 12:02:25 com_github_MitjaNemec_PlaceFootprints.place_footprints 148:Footprint L11 on root level
05-02 12:02:25 com_github_MitjaNemec_PlaceFootprints.place_footprints 148:Footprint L58 on root level
05-02 12:02:25 com_github_MitjaNemec_PlaceFootprints.place_footprints 148:Footprint L53 on root level
05-02 12:02:25 com_github_MitjaNemec_PlaceFootprints.place_footprints 148:Footprint D3 on root level
05-02 12:02:25 com_github_MitjaNemec_PlaceFootprints.place_footprints 148:Footprint L32 on root level
05-02 12:02:25 com_github_MitjaNemec_PlaceFootprints.place_footprints 148:Footprint D51 on root level
05-02 12:02:25 com_github_MitjaNemec_PlaceFootprints.place_footprints 148:Footprint D1 on root level
05-02 12:02:25 com_github_MitjaNemec_PlaceFootprints.place_footprints 148:Footprint L60 on root level
05-02 12:02:25 com_github_MitjaNemec_PlaceFootprints.place_footprints 148:Footprint L63 on root level
05-02 12:02:25 com_github_MitjaNemec_PlaceFootprints.place_footprints 148:Footprint D6 on root level
05-02 12:02:25 com_github_MitjaNemec_PlaceFootprints.place_footprints 148:Footprint D40 on root level
05-02 12:02:25 com_github_MitjaNemec_PlaceFootprints.place_footprints 148:Footprint L18 on root level
05-02 12:02:25 com_github_MitjaNemec_PlaceFootprints.place_footprints 148:Footprint ENC2 on root level
05-02 12:02:25 com_github_MitjaNemec_PlaceFootprints.place_footprints 148:Footprint L20 on root level
05-02 12:02:25 com_github_MitjaNemec_PlaceFootprints.place_footprints 148:Footprint D46 on root level
05-02 12:02:25 com_github_MitjaNemec_PlaceFootprints.place_footprints 148:Footprint L10 on root level
05-02 12:02:25 com_github_MitjaNemec_PlaceFootprints.place_footprints 148:Footprint D14 on root level
05-02 12:02:25 com_github_MitjaNemec_PlaceFootprints.place_footprints 148:Footprint D42 on root level
05-02 12:02:25 com_github_MitjaNemec_PlaceFootprints.place_footprints 148:Footprint L47 on root level
05-02 12:02:25 com_github_MitjaNemec_PlaceFootprints.place_footprints 148:Footprint D49 on root level
05-02 12:02:25 com_github_MitjaNemec_PlaceFootprints.place_footprints 148:Footprint D43 on root level
05-02 12:02:25 com_github_MitjaNemec_PlaceFootprints.place_footprints 148:Footprint HM2 on root level
05-02 12:02:25 com_github_MitjaNemec_PlaceFootprints.place_footprints 148:Footprint L27 on root level
05-02 12:02:25 com_github_MitjaNemec_PlaceFootprints.place_footprints 148:Footprint HM16 on root level
05-02 12:02:25 com_github_MitjaNemec_PlaceFootprints.place_footprints 148:Footprint D16 on root level
05-02 12:02:25 com_github_MitjaNemec_PlaceFootprints.place_footprints 148:Footprint L43 on root level
05-02 12:02:25 com_github_MitjaNemec_PlaceFootprints.place_footprints 148:Footprint L1 on root level
05-02 12:02:25 com_github_MitjaNemec_PlaceFootprints.place_footprints 148:Footprint D15 on root level
05-02 12:02:25 com_github_MitjaNemec_PlaceFootprints.place_footprints 148:Footprint D60 on root level
05-02 12:02:25 com_github_MitjaNemec_PlaceFootprints.place_footprints 148:Footprint ENC6 on root level
05-02 12:02:25 com_github_MitjaNemec_PlaceFootprints.place_footprints 148:Footprint D48 on root level
05-02 12:02:25 com_github_MitjaNemec_PlaceFootprints.place_footprints 148:Footprint L15 on root level
05-02 12:02:25 com_github_MitjaNemec_PlaceFootprints.place_footprints 148:Footprint U1 on root level
05-02 12:02:25 com_github_MitjaNemec_PlaceFootprints.place_footprints 148:Footprint D59 on root level
05-02 12:02:25 com_github_MitjaNemec_PlaceFootprints.place_footprints 148:Footprint L2 on root level
05-02 12:02:25 com_github_MitjaNemec_PlaceFootprints.place_footprints 148:Footprint L30 on root level
05-02 12:02:25 com_github_MitjaNemec_PlaceFootprints.place_footprints 148:Footprint L55 on root level
05-02 12:02:25 com_github_MitjaNemec_PlaceFootprints.place_footprints 148:Footprint L9 on root level
05-02 12:02:25 com_github_MitjaNemec_PlaceFootprints.place_footprints 148:Footprint L5 on root level
05-02 12:02:25 com_github_MitjaNemec_PlaceFootprints.place_footprints 148:Footprint H1 on root level
05-02 12:02:25 com_github_MitjaNemec_PlaceFootprints.place_footprints 148:Footprint L28 on root level
05-02 12:02:25 com_github_MitjaNemec_PlaceFootprints.place_footprints 148:Footprint L46 on root level
05-02 12:02:25 com_github_MitjaNemec_PlaceFootprints.place_footprints 148:Footprint L33 on root level
05-02 12:02:25 com_github_MitjaNemec_PlaceFootprints.place_footprints 148:Footprint D5 on root level
05-02 12:02:25 com_github_MitjaNemec_PlaceFootprints.place_footprints 148:Footprint HM4 on root level
05-02 12:02:25 com_github_MitjaNemec_PlaceFootprints.place_footprints 148:Footprint D55 on root level
05-02 12:02:25 com_github_MitjaNemec_PlaceFootprints.place_footprints 148:Footprint D57 on root level
05-02 12:02:25 com_github_MitjaNemec_PlaceFootprints.place_footprints 148:Footprint L59 on root level
05-02 12:02:25 com_github_MitjaNemec_PlaceFootprints.place_footprints 148:Footprint D25 on root level
05-02 12:02:25 com_github_MitjaNemec_PlaceFootprints.place_footprints 148:Footprint D21 on root level
05-02 12:02:25 com_github_MitjaNemec_PlaceFootprints.place_footprints 148:Footprint L44 on root level
05-02 12:02:25 com_github_MitjaNemec_PlaceFootprints.place_footprints 148:Footprint HM19 on root level
05-02 12:02:25 com_github_MitjaNemec_PlaceFootprints.place_footprints 148:Footprint D26 on root level
05-02 12:02:25 com_github_MitjaNemec_PlaceFootprints.place_footprints 148:Footprint L40 on root level
05-02 12:02:25 com_github_MitjaNemec_PlaceFootprints.place_footprints 148:Footprint D39 on root level
05-02 12:02:25 com_github_MitjaNemec_PlaceFootprints.place_footprints 148:Footprint D44 on root level
05-02 12:02:25 com_github_MitjaNemec_PlaceFootprints.place_footprints 148:Footprint D47 on root level
05-02 12:02:25 com_github_MitjaNemec_PlaceFootprints.place_footprints 148:Footprint HM22 on root level
05-02 12:02:25 com_github_MitjaNemec_PlaceFootprints.place_footprints 148:Footprint L41 on root level
05-02 12:02:25 com_github_MitjaNemec_PlaceFootprints.place_footprints 148:Footprint D52 on root level
05-02 12:02:25 com_github_MitjaNemec_PlaceFootprints.place_footprints 148:Footprint D27 on root level
05-02 12:02:25 com_github_MitjaNemec_PlaceFootprints.place_footprints 148:Footprint HM23 on root level
05-02 12:02:25 com_github_MitjaNemec_PlaceFootprints.place_footprints 148:Footprint L48 on root level
05-02 12:02:25 com_github_MitjaNemec_PlaceFootprints.place_footprints 148:Footprint D28 on root level
05-02 12:02:25 com_github_MitjaNemec_PlaceFootprints.place_footprints 148:Footprint L62 on root level
05-02 12:02:25 com_github_MitjaNemec_PlaceFootprints.place_footprints 133:Footprint J2 does not have Sheetfile property, it will not be considered for placement. Most likely it is only in layout
05-02 12:02:27 com_github_MitjaNemec_PlaceFootprints.action_place_footprints 570:Reference designator is: D
05-02 12:02:27 com_github_MitjaNemec_PlaceFootprints.action_place_footprints 571:Reference number is: 1
05-02 12:02:27 com_github_MitjaNemec_PlaceFootprints.action_place_footprints 603:Sorted and filtered list:
['D1', 'D2', 'D3', 'D4', 'D5', 'D6', 'D7', 'D8', 'D9', 'D10', 'D11', 'D12', 'D13', 'D14', 'D15', 'D16', 'D17', 'D18', 'D19', 'D20', 'D21', 'D22', 'D23', 'D24', 'D25', 'D26', 'D27', 'D28', 'D29', 'D30', 'D31', 'D32', 'D33', 'D34', 'D35', 'D36', 'D37', 'D38', 'D39', 'D40', 'D41', 'D42', 'D43', 'D44', 'D45', 'D46', 'D47', 'D48', 'D49', 'D50', 'D51', 'D52', 'D53', 'D54', 'D55', 'D56', 'D57', 'D58', 'D59', 'D60', 'D61', 'D62', 'D63', 'D64']
05-02 12:02:31 com_github_MitjaNemec_PlaceFootprints.action_place_footprints 641:Footprints to place:
['D1', 'D2', 'D3', 'D4', 'D5', 'D6', 'D7', 'D8', 'D9', 'D10', 'D11', 'D12', 'D13', 'D14', 'D15', 'D16', 'D17', 'D18', 'D19', 'D20', 'D21', 'D22', 'D23', 'D24', 'D25', 'D26', 'D27', 'D28', 'D29', 'D30', 'D31', 'D32', 'D33', 'D34', 'D35', 'D36', 'D37', 'D38', 'D39', 'D40', 'D41', 'D42', 'D43', 'D44', 'D45', 'D46', 'D47', 'D48', 'D49', 'D50', 'D51', 'D52', 'D53', 'D54', 'D55', 'D56', 'D57', 'D58', 'D59', 'D60', 'D61', 'D62', 'D63', 'D64']
05-02 12:02:31 com_github_MitjaNemec_PlaceFootprints.place_footprints 327:Starting placing with matrix layout
05-02 12:02:31 com_github_MitjaNemec_PlaceFootprints.action_place_footprints 718:Placing complete
